<?xml version="1.0" encoding="UTF-8"?>
<testsuite xmlns:xsi="http://www.w3.org/2001/XMLSchema-instance" xsi:noNamespaceSchemaLocation="https://maven.apache.org/surefire/maven-surefire-plugin/xsd/surefire-test-report.xsd" name="jst.tag4.FakultaetTest" time="0.013" tests="6" errors="0" skipped="0" failures="0">
  <properties>
[...]
</properties>
  <testcase name="faculty_when0_then1" classname="jst.tag4.FakultaetTest" time="0.007"/>
  <testcase name="faculty_when10_then3628800" classname="jst.tag4.FakultaetTest" time="0"/>
  <testcase name="faculty_when1_then1" classname="jst.tag4.FakultaetTest" time="0.001"/>
  <testcase name="faculty_when2_then2" classname="jst.tag4.FakultaetTest" time="0"/>
  <testcase name="faculty_when3_then6" classname="jst.tag4.FakultaetTest" time="0"/>
  <testcase name="faculty_when15_then1307674368000" classname="jst.tag4.FakultaetTest" time="0"/>
</testsuite>